<?xml version="1.0" encoding="UTF-8"?>
<!-- Generated by org.testng.reporters.JUnitReportReporter -->
<testsuite skipped="0" hostname="DESKTOP-81683JF" name="mavenproject.MavenTest" tests="2" failures="0" timestamp="2020-02-06T21:21:22 EST" time="14.660" errors="0">
  <testcase name="openBrowser" time="11.593" classname="mavenproject.MavenTest"/>
  <testcase name="search" time="3.067" classname="mavenproject.MavenTest"/>
</testsuite> <!-- mavenproject.MavenTest -->
