<?xml version="1.0" encoding="UTF-8"?>
<!-- Generated by org.testng.reporters.JUnitReportReporter -->
<testsuite skipped="0" hostname="DESKTOP-81683JF" name="mavenproject.MavenTest" tests="2" failures="0" timestamp="2020-02-08T23:29:46 EST" time="15.498" errors="0">
  <testcase name="openBrowser" time="11.461" classname="mavenproject.MavenTest"/>
  <testcase name="search" time="4.037" classname="mavenproject.MavenTest"/>
</testsuite> <!-- mavenproject.MavenTest -->
