<?xml version="1.0" encoding="UTF-8"?>
<!-- Generated by org.testng.reporters.JUnitReportReporter -->
<testsuite hostname="DESKTOP-81683JF" failures="0" tests="2" name="mavenproject.MavenTest" time="15.755" errors="0" timestamp="05 Feb 2020 04:31:34 GMT" skipped="0">
  <testcase classname="mavenproject.MavenTest" name="openBrowser" time="11.827"/>
  <testcase classname="mavenproject.MavenTest" name="search" time="3.928"/>
</testsuite> <!-- mavenproject.MavenTest -->
