<?xml version="1.0" encoding="UTF-8"?>
<!-- Generated by org.testng.reporters.JUnitReportReporter -->
<testsuite skipped="0" hostname="DESKTOP-81683JF" name="mavenproject.MavenTest" tests="2" failures="0" timestamp="05 Feb 2020 05:00:31 GMT" time="15.307" errors="0">
  <testcase name="search" time="3.184" classname="mavenproject.MavenTest"/>
  <testcase name="openBrowser" time="12.123" classname="mavenproject.MavenTest"/>
</testsuite> <!-- mavenproject.MavenTest -->
