<?xml version="1.0" encoding="UTF-8"?>
<!-- Generated by org.testng.reporters.JUnitReportReporter -->
<testsuite skipped="0" hostname="DESKTOP-81683JF" name="mavenproject.MavenTest" tests="2" failures="0" timestamp="09 Feb 2020 17:17:50 GMT" time="17.692" errors="0">
  <testcase name="search" time="4.840" classname="mavenproject.MavenTest"/>
  <testcase name="openBrowser" time="12.852" classname="mavenproject.MavenTest"/>
</testsuite> <!-- mavenproject.MavenTest -->
