<?xml version="1.0" encoding="UTF-8"?>
<!-- Generated by org.testng.reporters.JUnitReportReporter -->
<testsuite skipped="0" hostname="DESKTOP-81683JF" name="mavenproject.MavenTest" tests="2" failures="0" timestamp="05 Feb 2020 05:10:11 GMT" time="17.318" errors="0">
  <testcase name="openBrowser" time="14.550" classname="mavenproject.MavenTest"/>
  <testcase name="search" time="2.768" classname="mavenproject.MavenTest"/>
</testsuite> <!-- mavenproject.MavenTest -->
