<?xml version="1.0" encoding="UTF-8"?>
<!-- Generated by org.testng.reporters.JUnitReportReporter -->
<testsuite skipped="0" hostname="DESKTOP-81683JF" name="mavenproject.MavenTest" tests="2" failures="0" timestamp="07 Feb 2020 02:22:42 GMT" time="13.712" errors="0">
  <testcase name="search" time="2.310" classname="mavenproject.MavenTest"/>
  <testcase name="openBrowser" time="11.402" classname="mavenproject.MavenTest"/>
</testsuite> <!-- mavenproject.MavenTest -->
