<?xml version="1.0" encoding="UTF-8"?>
<!-- Generated by org.testng.reporters.JUnitReportReporter -->
<testsuite skipped="0" hostname="DESKTOP-81683JF" name="mavenproject.MavenTest" tests="2" failures="0" timestamp="09 Feb 2020 04:25:31 GMT" time="13.907" errors="0">
  <testcase name="search" time="3.352" classname="mavenproject.MavenTest"/>
  <testcase name="openBrowser" time="10.555" classname="mavenproject.MavenTest"/>
</testsuite> <!-- mavenproject.MavenTest -->
